<?xml version="1.0" encoding="UTF-8"?>
<!-- Generated by org.testng.reporters.JUnitXMLReporter -->
<testsuite ignored="0" hostname="DESKTOP-JP1Q2UE" failures="0" tests="2" name="Default test" time="14.381" errors="0" timestamp="2024-07-19T16:45:27 IST">
  <testcase classname="com.qa.testcases.ClaimPageTest" name="Claims" time="2.967"/>
  <testcase classname="com.qa.testcases.ClaimPageTest" name="Claim_init" time="0.0">
    <skipped/>
  </testcase> <!-- Claim_init -->
</testsuite> <!-- Default test -->
