<?xml version="1.0" encoding="UTF-8"?>
<!-- Generated by org.testng.reporters.JUnitXMLReporter -->
<testsuite ignored="0" hostname="DESKTOP-JP1Q2UE" failures="0" tests="1" name="FrameworkTest" time="0.087" errors="0" timestamp="2024-05-20T20:19:11 IST">
  <testcase classname="com.Framework_dev.Testcases.BaseClass" name="@BeforeClass SetupMethod" time="0.022">
    <failure type="java.lang.NullPointerException">
      <![CDATA[java.lang.NullPointerException
at java.base/java.util.concurrent.ConcurrentHashMap.putVal(ConcurrentHashMap.java:1011)
at java.base/java.util.concurrent.ConcurrentHashMap.put(ConcurrentHashMap.java:1006)
at java.base/java.util.Properties.put(Properties.java:1346)
at java.base/java.util.Properties.setProperty(Properties.java:230)
at java.base/java.lang.System.setProperty(System.java:1056)
at com.Framework_dev.Testcases.BaseClass.SetupMethod(BaseClass.java:48)
at java.base/java.util.ArrayList.forEach(ArrayList.java:1597)
... Removed 23 stack frames]]>
    </failure>
  </testcase> <!-- @BeforeClass SetupMethod -->
  <testcase classname="com.Framework_dev.Testcases.TC_LoginTest_001" name="LoginTesting" time="0.001">
    <skipped/>
  </testcase> <!-- LoginTesting -->
</testsuite> <!-- FrameworkTest -->
